[22:33:53] Erroe on get product default: Traceback (most recent call last):
  File "/Volumes/Work/work/upwork/requests/chewy/app.py", line 287, in get_product_general_info
    return [detail_json['pageProps']['__APOLLO_STATE__'][product] for product in detail_json['pageProps']['__APOLLO_STATE__'] if "Product" in product][0]
KeyError: '__APOLLO_STATE__'

[22:33:53] product_general_info None in json url: https://www.chewy.com/_next/data/chewy-pdp-ui-RHOCOHq4YoiX/en-US/bravecto-topical-solution-cats-138/dp/172889.json
[22:35:12] products_links_list None with params {'groupResults': 'true', 'count': '36', 'include': 'items', 'fields[0]': 'PRODUCT_CARD_DETAILS', 'omitNullEntries': 'true', 'catalogId': '1004', 'from': '1908', 'sort': 'byRelevance', 'groupId': '977'}
[22:48:07] products_links_list None with params {'groupResults': 'true', 'count': '36', 'include': 'items', 'fields[0]': 'PRODUCT_CARD_DETAILS', 'omitNullEntries': 'true', 'catalogId': '1004', 'from': '1584', 'sort': 'byRelevance', 'groupId': '8403'}
[22:56:25] products_links_list None with params {'groupResults': 'true', 'count': '36', 'include': 'items', 'fields[0]': 'PRODUCT_CARD_DETAILS', 'omitNullEntries': 'true', 'catalogId': '1004', 'from': '10008', 'sort': 'byRelevance', 'groupId': '288'}
[23:15:23] products_links_list None with params {'groupResults': 'true', 'count': '36', 'include': 'items', 'fields[0]': 'PRODUCT_CARD_DETAILS', 'omitNullEntries': 'true', 'catalogId': '1004', 'from': '864', 'sort': 'byRelevance', 'groupId': '2515'}
[23:19:45] products_links_list None with params {'groupResults': 'true', 'count': '36', 'include': 'items', 'fields[0]': 'PRODUCT_CARD_DETAILS', 'omitNullEntries': 'true', 'catalogId': '1004', 'from': '2016', 'sort': 'byRelevance', 'groupId': '1025'}
[23:19:46] products_links_list None with params {'groupResults': 'true', 'count': '36', 'include': 'items', 'fields[0]': 'PRODUCT_CARD_DETAILS', 'omitNullEntries': 'true', 'catalogId': '1004', 'from': '2052', 'sort': 'byRelevance', 'groupId': '1025'}
[23:58:24] products_links_list None with params {'groupResults': 'true', 'count': '36', 'include': 'items', 'fields[0]': 'PRODUCT_CARD_DETAILS', 'omitNullEntries': 'true', 'catalogId': '1004', 'from': '10008', 'sort': 'byRelevance', 'groupId': '325'}
[23:48:00] products_links_list None with params {'groupResults': 'true', 'count': '36', 'include': 'items', 'fields[0]': 'PRODUCT_CARD_DETAILS', 'omitNullEntries': 'true', 'catalogId': '1004', 'from': '864', 'sort': 'byRelevance', 'groupId': '2515'}
[02:05:15] products_links_list None with params {'groupResults': 'true', 'count': '36', 'include': 'items', 'fields[0]': 'PRODUCT_CARD_DETAILS', 'omitNullEntries': 'true', 'catalogId': '1004', 'from': '1908', 'sort': 'byRelevance', 'groupId': '977'}
[02:05:23] products_links_list None with params {'groupResults': 'true', 'count': '36', 'include': 'items', 'fields[0]': 'PRODUCT_CARD_DETAILS', 'omitNullEntries': 'true', 'catalogId': '1004', 'from': '2016', 'sort': 'byRelevance', 'groupId': '1025'}
[02:05:25] products_links_list None with params {'groupResults': 'true', 'count': '36', 'include': 'items', 'fields[0]': 'PRODUCT_CARD_DETAILS', 'omitNullEntries': 'true', 'catalogId': '1004', 'from': '2052', 'sort': 'byRelevance', 'groupId': '1025'}
[02:05:32] product_detail None in json url: https://www.chewy.com/_next/data/chewy-pdp-ui-FwwPG4nzZMgS/en-US/wild-one-adjustable-cushioned-dog/dp/885398.json
[02:14:58] products_links_list None with params {'groupResults': 'true', 'count': '36', 'include': 'items', 'fields[0]': 'PRODUCT_CARD_DETAILS', 'omitNullEntries': 'true', 'catalogId': '1004', 'from': '1908', 'sort': 'byRelevance', 'groupId': '977'}
[02:16:41] products_links_list None with params {'groupResults': 'true', 'count': '36', 'include': 'items', 'fields[0]': 'PRODUCT_CARD_DETAILS', 'omitNullEntries': 'true', 'catalogId': '1004', 'from': '2016', 'sort': 'byRelevance', 'groupId': '1025'}
[02:16:46] products_links_list None with params {'groupResults': 'true', 'count': '36', 'include': 'items', 'fields[0]': 'PRODUCT_CARD_DETAILS', 'omitNullEntries': 'true', 'catalogId': '1004', 'from': '2052', 'sort': 'byRelevance', 'groupId': '1025'}
